Case #1: our language is impossible to understand
Case #2: there are twenty six factorial possibilities
Case #3: so it is okay if you want to just give up
Case #4: xoggk d yl wxo vkkvgo ekso uyl wonw sywy
Case #5: xkf yto akj
Case #6: yabba dabba yabba dabba yabba dabba yabba dabba yabba dabba yabba dabba yabba dabba yabba dooooooooo
Case #7: a b c d e f g h i j k l m n o p q r s t u v y w x y z now i know my abcs
Case #8: next time wont you sing with me
Case #9: how are you holding up because im a potato
Case #10: friends dont let friends let scientific progress go boink
Case #11: this here is gunpowder activated twenty seven caliber full auto no kickback nailthrowing mayhem
Case #12: right i forgot here in the states you call it a sausage in the mouth
Case #13: let lips do what hands do
Case #14: by the pricking of my thumbs something wicked this way comes
Case #15: im commander shepard and this is my favorite problem on the google code jam
Case #16: my name is dug i have just met you and i looove you
Case #17: now that you know googlerese please do not use it to hack into our systems
Case #18: an eye for an eye and a pigeon for a pigeon
Case #19: whoooooooooooooooooooaaaaaaaaa i know c plus plus
Case #20: greetings cheese popsicle the number you have dialed is currently out of porkchops
Case #21: in a world of direwolves and lions sometimes the rarest creature is a friend
Case #22: oh nooooo goggalor is headed for the orphanage
Case #23: oh my god lets make out
Case #24: dr zaius dr zaius dr zaius dr zaius ooooooooooooh dr zaius
Case #25: this is so exciting i have to go the bathroom
Case #26: pneumonoultramicroscopicsilicovolcanoconiosis
Case #27: i have bested fruit spike and moon now i shall best you the guy
Case #28: why do programmers always mix up halloween and christmas
Case #29: buff tryndamere and amumu
Case #30: you know you want to
